
AJUSTE DEL CONTINUO DE PASCHEN
FIT OF THE PASCHEN CONTINUUM
------------------------------

Puntos ajustados
x = 4398.209292520055 and y = -12.515212315182643
x = 4124.501615556015 and y = -12.453243989929652
x = 4041.085942576499 and y = -12.43204614196111
Recta: -0.0002312676309806672 * x**2 -11.498300971100209
Puntos ajustados
x = 4398.209292520055 and y = -12.515212315182643
x = 4124.501615556015 and y = -12.453243989929652
x = 4041.085942576499 and y = -12.43204614196111
x = 4841.355055223738 and y = -12.562212394916953
x = 4838.748315443128 and y = -12.55900454741442
Recta: -0.0001543304432997041 * x**2 -11.817761681506832

AJUSTE DEL CONTINUO DE BALMER
FIT OF THE BALMER CONTINUUM
------------------------------

Puntos ajustados
x = 3678.7491130717226 and y = -12.413108187427914
x = 3668.3221539492833 and y = -12.410646736788152
x = 3652.6817152656236 and y = -12.404760717414801
x = 3587.513220750376 and y = -12.405392075475449
x = 3569.2660422861068 and y = -12.410395478887972
x = 3535.378425138178 and y = -12.408093165469987
x = 3517.131246673909 and y = -12.408928613126937
Recta: -1.092208436244171e-05 * x**2 -12.369427098867993
Puntos ajustados
x = 3678.7491130717226 and y = -12.413108187427914
x = 3668.3221539492833 and y = -12.410646736788152
x = 3652.6817152656236 and y = -12.404760717414801
x = 3587.513220750376 and y = -12.405392075475449
x = 3569.2660422861068 and y = -12.410395478887972
x = 3535.378425138178 and y = -12.408093165469987
x = 3517.131246673909 and y = -12.408928613126937
Recta: -1.092208436244171e-05 * x**2 -12.369427098867993
Puntos ajustados
x = 3678.7491130717226 and y = -12.413108187427914
x = 3668.3221539492833 and y = -12.410646736788152
x = 3652.6817152656236 and y = -12.404760717414801
x = 3587.513220750376 and y = -12.405392075475449
x = 3569.2660422861068 and y = -12.410395478887972
x = 3535.378425138178 and y = -12.408093165469987
x = 3517.131246673909 and y = -12.408928613126937
Recta: -1.092208436244171e-05 * x**2 -12.369427098867993

AJUSTE DE LA ENVOLVENTE INFERIOR
FIT OF THE BOTTOM ENVELOPE
------------------------------

Puntos ajustados
x = 3707.4232506584317 and y = -12.450780241648925
x = 3720.456949561481 and y = -12.45200936876813
x = 3746.52434736758 and y = -12.465419398871433
x = 3767.3782656124595 and y = -12.4907591642151
x = 3793.445663418558 and y = -12.519319303330594
x = 3829.940020347097 and y = -12.549998652049515
x = 3884.681555739905 and y = -12.574540252699922
Parabola: 8.0108818386258e-07 * x**3 -0.0068494855664615745 * x**2 +1.9405178491068487
Puntos ajustados
x = 3707.4232506584317 and y = -12.450780241648925
x = 3793.445663418558 and y = -12.519319303330594
x = 3829.940020347097 and y = -12.549998652049515
x = 3884.681555739905 and y = -12.574540252699922
Parabola: 1.4343993879651451e-06 * x**3 -0.011596408591324303 * x**2 +10.826675514642378
===========================================
Guardamos el ajuste
Save the fit
Parabola: 1.4343993879651451e-06 * x**3 -0.011596408591324303 * x**2 +10.826675514642378
===========================================


AJUSTE DE LA ENVOLVENTE SUPERIOR
FIT OF THE UPPER ENVELOPE
--------------------------------

Puntos ajustados
x = 3704.8165108778217 and y = -12.443923040127896
x = 3715.2434700002614 and y = -12.43493613449734
x = 3725.670429122701 and y = -12.43476087949478
x = 3736.0973882451403 and y = -12.405826247619581
x = 3756.9513064900198 and y = -12.433694982424496
Parabola: -2.7705357347077716e-05 * x**3 +0.20705568593759802 * x**2 -399.2765763260607
Puntos ajustados
x = 3704.8165108778217 and y = -12.443923040127896
x = 3715.2434700002614 and y = -12.43493613449734
x = 3725.670429122701 and y = -12.43476087949478
x = 3756.9513064900198 and y = -12.433694982424496
Parabola: -9.311577662568881e-06 * x**3 +0.06965720534302651 * x**2 -142.7026030931363
Puntos ajustados
x = 3704.8165108778217 and y = -12.443923040127896
x = 3715.2434700002614 and y = -12.43493613449734
x = 3736.0973882451403 and y = -12.405826247619581
x = 3702.2097710972116 and y = -12.44569438075445
Parabola: 1.685852079539921e-05 * x**3 -0.1242234570722316 * x**2 +216.3867293307311
===========================================
Guardamos el ajuste
Save the fit
Parabola: 1.685852079539921e-05 * x**3 -0.1242234570722316 * x**2 +216.3867293307311
===========================================


CALCULO D= D* + d
CALCULATE D= D* + d
--------------------------------

D= 0.02
D*= 0.05
d= -0.03

CALCULO LAMBDA_1
CALCULATE LAMBDA_1
--------------------------------

lambda_1=  30

CALCULO EL GRADIENTE DE COLOR
CALCULATE THE COLOR GRADIENT
--------------------------------

Phi= 1.51

################################
NORMALIZO EL ESPECTRO
SPECTRUM NORMALIZATION
--------------------------------


AJUSTE DEL CONTINUO DE PASCHEN
FIT OF THE PASCHEN CONTINUUM
------------------------------

Puntos ajustados
x = 0.00022736526015273525 and y = -11.365817542950476
x = 0.00024245353577469558 and y = -11.392006282622342
x = 0.0002474582362785445 and y = -11.398463487563038
x = 0.00020655374137887642 and y = -11.277986992376693
x = 0.0002066650164069178 and y = -11.275545331357188
Recta: -3095.4022648895843 * x**2 -10.642096081616213
Puntos ajustados
x = 0.00024245353577469558 and y = -11.392006282622342
x = 0.0002474582362785445 and y = -11.398463487563038
x = 0.00020655374137887642 and y = -11.277986992376693
x = 0.0002066650164069178 and y = -11.275545331357188
Recta: -3074.1283220296564 * x**2 -10.64191573841286

AJUSTE DEL CONTINUO DE BALMER
FIT OF THE BALMER CONTINUUM
------------------------------

Puntos ajustados
x = 0.0002718315300292411 and y = -11.50414360567748
x = 0.00027260419287968176 and y = -11.505379384976196
x = 0.00027377145832901566 and y = -11.505051103601026
x = 0.0002787446173622286 and y = -11.528993931267008
x = 0.0002801696450062048 and y = -11.540569302644224
x = 0.0002828551514852093 and y = -11.55052424833096
x = 0.0002843226282629296 and y = -11.557987918946363
Recta: -4512.533976864938 * x**2 -10.274133312694845

AJUSTE DE LA ENVOLVENTE INFERIOR
FIT OF THE BOTTOM ENVELOPE
------------------------------

Puntos ajustados
x = 0.00026972911706868154 and y = -11.53168090106042
x = 0.00026361258041556477 and y = -11.570101013802997
x = 0.0002611006947073215 and y = -11.58813090800483
x = 0.00025742135762001544 and y = -11.593840200795372
Parabola: 271900167.2731565 * x**3 -138161.2115586104 * x**2 +5.953099033389023
===========================================
Guardamos el ajuste
Save the fit
Parabola: 271900167.2731565 * x**3 -138161.2115586104 * x**2 +5.953099033389023
===========================================


CALCULO D= D* + d
CALCULATE D= D* + d
--------------------------------

D= 0.02
D*= 0.05
d= -0.03

CALCULO LAMBDA_1
CALCULATE LAMBDA_1
--------------------------------

lambda_1=  30
