
AJUSTE DEL CONTINUO DE PASCHEN
FIT OF THE PASCHEN CONTINUUM
------------------------------

Puntos ajustados
x = 4835.971018670773 and y = -12.467881421872503
x = 4455.401924695299 and y = -12.449584313460939
x = 4134.785496209112 and y = -12.432834825650032
Recta: -4.99231660192471e-05 * x**2 -12.226674741401283

AJUSTE DEL CONTINUO DE BALMER
FIT OF THE BALMER CONTINUUM
------------------------------

Puntos ajustados
x = 3665.5907228146925 and y = -12.426912111734918
x = 3652.557534664847 and y = -12.425605191609764
x = 3603.0314196954355 and y = -12.419348049527857
x = 3571.751768135808 and y = -12.424915592684545
x = 3535.258841316242 and y = -12.422293391514632
x = 3501.372552126645 and y = -12.425911418064642
x = 3488.3393639768 and y = -12.417780968102697
Recta: -2.424204202901993e-05 * x**2 -12.336611669508933

AJUSTE DE LA ENVOLVENTE INFERIOR
FIT OF THE BOTTOM ENVELOPE
------------------------------

Puntos ajustados
x = 3709.903562524165 and y = -12.476553319843452
x = 3767.2495903834833 and y = -12.507198727068433
x = 3795.922604313142 and y = -12.53001433024429
x = 3832.415531132708 and y = -12.562128892028868
Parabola: -2.3726992737121285e-06 * x**3 +0.017194520319550727 * x**2 -43.61008855506536
===========================================
Guardamos el ajuste
Save the fit
Parabola: -2.3726992737121285e-06 * x**3 +0.017194520319550727 * x**2 -43.61008855506536
===========================================


AJUSTE DE LA ENVOLVENTE SUPERIOR
FIT OF THE UPPER ENVELOPE
--------------------------------

Puntos ajustados
x = 3704.690287264227 and y = -12.466419306270316
x = 3715.116837784103 and y = -12.450065680787024
x = 3741.1832140837932 and y = -12.427802026424612
x = 3699.477012004289 and y = -12.475344304627518
Parabola: -1.8181218881001158e-05 * x**3 +0.13642501806618026 * x**2 -268.3462192724876
===========================================
Guardamos el ajuste
Save the fit
Parabola: -1.8181218881001158e-05 * x**3 +0.13642501806618026 * x**2 -268.3462192724876
===========================================


CALCULO D= D* + d
CALCULATE D= D* + d
--------------------------------

D= 0.01
D*= 0.06
d= -0.05

CALCULO LAMBDA_1
CALCULATE LAMBDA_1
--------------------------------

lambda_1=  23

CALCULO EL GRADIENTE DE COLOR
CALCULATE THE COLOR GRADIENT
--------------------------------

Phi= 1.97

################################
NORMALIZO EL ESPECTRO
SPECTRUM NORMALIZATION
--------------------------------


AJUSTE DEL CONTINUO DE PASCHEN
FIT OF THE PASCHEN CONTINUUM
------------------------------

Puntos ajustados
x = 0.0002067837040667093 and y = -11.373237920239204
x = 0.00022444664182982526 and y = -11.465637722075401
x = 0.0002418505145954556 and y = -11.546953767511361
Recta: -4954.541872987827 * x**2 -10.350340700870573

AJUSTE DEL CONTINUO DE BALMER
FIT OF THE BALMER CONTINUUM
------------------------------

Puntos ajustados
x = 0.00027280732509933116 and y = -11.692867351522079
x = 0.00027378076608224007 and y = -11.695921339201881
x = 0.00027754406873435757 and y = -11.706305870593987
x = 0.00027997466367096573 and y = -11.722441034057132
x = 0.0002828647193560745 and y = -11.732203291438314
x = 0.00028560228456484167 and y = -11.7473744570511
x = 0.0002866693562922081 and y = -11.74370111282901
Recta: -4017.7865326864926 * x**2 -10.595570511223427

AJUSTE DE LA ENVOLVENTE INFERIOR
FIT OF THE BOTTOM ENVELOPE
------------------------------

Puntos ajustados
x = 0.0002695487856076815 and y = -11.727739248484434
x = 0.0002654456456913984 and y = -11.739404287551377
x = 0.0002634405661653226 and y = -11.752786017711355
x = 0.0002609320393043184 and y = -11.772948170642135
Parabola: -506453225.01961535 * x**3 +273944.4501851131 * x**2 -48.77189874639184
===========================================
Guardamos el ajuste
Save the fit
Parabola: -506453225.01961535 * x**3 +273944.4501851131 * x**2 -48.77189874639184
===========================================


CALCULO D= D* + d
CALCULATE D= D* + d
--------------------------------

D= -0.01
D*= 0.04
d= -0.05

CALCULO LAMBDA_1
CALCULATE LAMBDA_1
--------------------------------

lambda_1=  14
