
AJUSTE DEL CONTINUO DE PASCHEN
FIT OF THE PASCHEN CONTINUUM
------------------------------

Puntos ajustados
x = 4041.085942576499 and y = -12.400414225938558
x = 4398.209292520055 and y = -12.413673163870433
x = 4836.141575662518 and y = -12.439193060043495
Recta: -4.91282976338806e-05 * x**2 -12.200360279664578
Puntos ajustados
x = 4041.085942576499 and y = -12.400414225938558
x = 4398.209292520055 and y = -12.413673163870433
x = 4836.141575662518 and y = -12.439193060043495
x = 4718.838285535073 and y = -12.428676679370222
Recta: -4.710228241421325e-05 * x**2 -12.208596425449503

AJUSTE DEL CONTINUO DE BALMER
FIT OF THE BALMER CONTINUUM
------------------------------

Puntos ajustados
x = 3668.3221539492833 and y = -12.410620828752226
x = 3652.6817152656236 and y = -12.405912564649105
x = 3597.940179872816 and y = -12.412281428025993
x = 3577.0862616279364 and y = -12.406357699290671
x = 3569.2660422861068 and y = -12.40559863876263
x = 3532.7716853575685 and y = -12.406934506441873
x = 3519.7379864545187 and y = -12.406261424214454
Recta: -1.8981478219586018e-05 * x**2 -12.339599143164737

AJUSTE DE LA ENVOLVENTE INFERIOR
FIT OF THE BOTTOM ENVELOPE
------------------------------

Puntos ajustados
x = 3710.0299904390413 and y = -12.453886502970839
x = 3767.3782656124595 and y = -12.487408591135717
x = 3796.052403199168 and y = -12.50277677204841
x = 3832.546760127707 and y = -12.538463584139482
Parabola: -2.2369713320098723e-06 * x**3 +0.01619326043659216 * x**2 -41.74141435046367
===========================================
Guardamos el ajuste
Save the fit
Parabola: -2.2369713320098723e-06 * x**3 +0.01619326043659216 * x**2 -41.74141435046367
===========================================


AJUSTE DE LA ENVOLVENTE SUPERIOR
FIT OF THE UPPER ENVELOPE
--------------------------------

Puntos ajustados
x = 3715.2434700002614 and y = -12.420190336197981
x = 3738.7041280257504 and y = -12.406721871471948
x = 3699.603031316602 and y = -12.445255207757686
x = 3704.7004689133937 and y = -12.431520960855664
Parabola: -2.7341473827724318e-05 * x**3 +0.2043161594690664 * x**2 -394.107924636225
===========================================
Guardamos el ajuste
Save the fit
Parabola: -2.7341473827724318e-05 * x**3 +0.2043161594690664 * x**2 -394.107924636225
===========================================


CALCULO D= D* + d
CALCULATE D= D* + d
--------------------------------

D= 0.03
D*= 0.07
d= -0.04

CALCULO LAMBDA_1
CALCULATE LAMBDA_1
--------------------------------

lambda_1=  19

CALCULO EL GRADIENTE DE COLOR
CALCULATE THE COLOR GRADIENT
--------------------------------

Phi= 1.98

################################
NORMALIZO EL ESPECTRO
SPECTRUM NORMALIZATION
--------------------------------


AJUSTE DEL CONTINUO DE PASCHEN
FIT OF THE PASCHEN CONTINUUM
------------------------------

Puntos ajustados
x = 0.0002474582362785445 and y = -11.632449919917295
x = 0.00022736526015273525 and y = -11.538475112778178
x = 0.00020677641139217617 and y = -11.439275425059211
x = 0.00021191656494467243 and y = -11.461451374378907
Recta: -4779.638537079398 * x**2 -10.450241516343949

AJUSTE DEL CONTINUO DE BALMER
FIT OF THE BALMER CONTINUUM
------------------------------

Puntos ajustados
x = 0.00027260419287968176 and y = -11.759960676791819
x = 0.00027377145832901566 and y = -11.760291815177586
x = 0.0002779368055072414 and y = -11.784370790634103
x = 0.00027955713864862144 and y = -11.78522302209881
x = 0.0002801696450062048 and y = -11.787009066119255
x = 0.00028306386289970087 and y = -11.800251543722727
x = 0.00028411205716119623 and y = -11.803842484626053
Recta: -3948.921400595547 * x**2 -10.68225058499647

AJUSTE DE LA ENVOLVENTE INFERIOR
FIT OF THE BOTTOM ENVELOPE
------------------------------

Puntos ajustados
x = 0.00026953960010486625 and y = -11.78983325745859
x = 0.0002654365793654731 and y = -11.805048483214406
x = 0.0002634315583096899 and y = -11.811310838411464
x = 0.0002609231048146894 and y = -11.835454656844243
Parabola: -474755332.2926425 * x**3 +256973.55862403597 * x**2 -46.56308282566974
===========================================
Guardamos el ajuste
Save the fit
Parabola: -474755332.2926425 * x**3 +256973.55862403597 * x**2 -46.56308282566974
===========================================


CALCULO D= D* + d
CALCULATE D= D* + d
--------------------------------

D= 0.01
D*= 0.05
d= -0.04

CALCULO LAMBDA_1
CALCULATE LAMBDA_1
--------------------------------

lambda_1=  12
