
AJUSTE DEL CONTINUO DE PASCHEN
FIT OF THE PASCHEN CONTINUUM
------------------------------

Puntos ajustados
x = 4511.24396734004 and y = -9.864791313974653
x = 3942.56059303479 and y = -9.656943120299273
x = 3910.7143240737 and y = -9.648759280687752
Recta: -0.00036230024171014986 * x**2 -8.23027517816542

AJUSTE DEL CONTINUO DE BALMER
FIT OF THE BALMER CONTINUUM
------------------------------

Puntos ajustados
x = 3683.2409743516 and y = -9.765381241113058
x = 3626.37263692107 and y = -9.746122128131729
x = 3562.68009899888 and y = -9.733533104559758
x = 3524.00962954612 and y = -9.720751813643885
Recta: -0.0002693710511532438 * x**2 -8.771960231020197

AJUSTE DE LA ENVOLVENTE INFERIOR
FIT OF THE BOTTOM ENVELOPE
------------------------------

Puntos ajustados
x = 3712.81250981547 and y = -9.77738470264435
x = 3721.91144380435 and y = -9.789168817677476
x = 3733.28511129046 and y = -9.809567445145847
x = 3749.208245771 and y = -9.824858277364408
x = 3769.68084724599 and y = -9.840446942620149
x = 3796.97764921265 and y = -9.85395169569865
x = 3835.6481186654 and y = -9.870072406299368
x = 3887.96698910148 and y = -9.881820288843212
x = 3969.85739500144 and y = -9.913910085330205
x = 4101.79193784026 and y = -9.954832769140808
Parabola: 7.70488196701247e-07 * x**3 -0.006429499014843322 * x**2 +3.459058751026366
Puntos ajustados
x = 3712.81250981547 and y = -9.77738470264435
x = 3721.91144380435 and y = -9.789168817677476
x = 3733.28511129046 and y = -9.809567445145847
x = 3749.208245771 and y = -9.824858277364408
x = 3769.68084724599 and y = -9.840446942620149
x = 3796.97764921265 and y = -9.85395169569865
x = 3835.6481186654 and y = -9.870072406299368
Parabola: 5.391082913506635e-06 * x**3 -0.04142162244361892 * x**2 +69.69562686971183
===========================================
Guardamos el ajuste
Save the fit
Parabola: 5.391082913506635e-06 * x**3 -0.04142162244361892 * x**2 +69.69562686971183
===========================================


AJUSTE DE LA ENVOLVENTE SUPERIOR
FIT OF THE UPPER ENVELOPE
--------------------------------

Puntos ajustados
x = 3708.26304282103 and y = -9.771724660124555
x = 3717.36197680991 and y = -9.757796598236654
x = 3728.73564429602 and y = -9.737309520995554
x = 3742.38404527934 and y = -9.70296888440085
x = 3760.58191325711 and y = -9.668060356102131
x = 3783.32924822932 and y = -9.648651548638734
x = 3812.90078369319 and y = -9.641345354329692
Parabola: -1.286938126353452e-05 * x**3 +0.09811840872817965 * x**2 -196.65752916645724
===========================================
Guardamos el ajuste
Save the fit
Parabola: -1.286938126353452e-05 * x**3 +0.09811840872817965 * x**2 -196.65752916645724
===========================================


CALCULO D= D* + d
CALCULATE D= D* + d
--------------------------------

D= 0.20
La estrella no presenta un segundo salto
The star does not present a second jump

CALCULO LAMBDA_1
CALCULATE LAMBDA_1
--------------------------------

lambda_1=  53

CALCULO EL GRADIENTE DE COLOR
CALCULATE THE COLOR GRADIENT
--------------------------------

Phi= 0.61

################################
NORMALIZO EL ESPECTRO
SPECTRUM NORMALIZATION
--------------------------------


AJUSTE DEL CONTINUO DE PASCHEN
FIT OF THE PASCHEN CONTINUUM
------------------------------

Puntos ajustados
x = 0.000221668348517544 and y = -8.82889064979434
x = 0.00025364226532540086 and y = -8.798516843380366
x = 0.0002557077600488914 and y = -8.800718001349509
Recta: 881.1704642457271 * x**2 -9.024092431472882

AJUSTE DEL CONTINUO DE BALMER
FIT OF THE BALMER CONTINUUM
------------------------------

Puntos ajustados
x = 0.0002715000204883528 and y = -8.992933512630662
x = 0.00027575765099778564 and y = -8.992961898784175
x = 0.0002806875644773725 and y = -9.00215937217984
x = 0.00028376766953636177 and y = -9.002700371912661
Recta: -939.3979897680592 * x**2 -8.736603571720387

AJUSTE DE LA ENVOLVENTE INFERIOR
FIT OF THE BOTTOM ENVELOPE
------------------------------

Puntos ajustados
x = 0.0002693375971332581 and y = -8.994969008118119
x = 0.0002686791491680013 and y = -9.003694531300019
x = 0.00026786060271039323 and y = -9.020275527437477
x = 0.000266722981079531 and y = -9.030232144339156
x = 0.0002652744464377053 and y = -9.038980475577784
x = 0.00026336736541163533 and y = -9.043396170104314
x = 0.0002607121323600316 and y = -9.046702064116213
Parabola: 1071663201.3009502 * x**3 -562399.9653837521 * x**2 +64.7375387749858
===========================================
Guardamos el ajuste
Save the fit
Parabola: 1071663201.3009502 * x**3 -562399.9653837521 * x**2 +64.7375387749858
===========================================


CALCULO D= D* + d
CALCULATE D= D* + d
--------------------------------

D= 0.20
La estrella no presenta un segundo salto
The star does not present a second jump

CALCULO LAMBDA_1
CALCULATE LAMBDA_1
--------------------------------

lambda_1=  55
